CRITICAL - 2021-07-16 22:40:51 --> Too few arguments to function App\Controllers\Faq::index(), 0 passed in D:\xamp\htdocs\2021\cursos\ci4\omecms\ome\vendor\codeigniter4\framework\system\CodeIgniter.php on line 931 and exactly 1 expected
#0 D:\xamp\htdocs\2021\cursos\ci4\omecms\ome\vendor\codeigniter4\framework\system\CodeIgniter.php(931): App\Controllers\Faq->index()
#1 D:\xamp\htdocs\2021\cursos\ci4\omecms\ome\vendor\codeigniter4\framework\system\CodeIgniter.php(439): CodeIgniter\CodeIgniter->runController(Object(App\Controllers\Faq))
#2 D:\xamp\htdocs\2021\cursos\ci4\omecms\ome\vendor\codeigniter4\framework\system\CodeIgniter.php(339): CodeIgniter\CodeIgniter->handleRequest(NULL, Object(Config\Cache), false)
#3 D:\xamp\htdocs\2021\cursos\ci4\omecms\ome\index.php(44): CodeIgniter\CodeIgniter->run()
#4 {main}
CRITICAL - 2021-07-16 22:41:02 --> Class 'App\Models\FaqModel' not found
#0 D:\xamp\htdocs\2021\cursos\ci4\omecms\ome\vendor\codeigniter4\framework\system\CodeIgniter.php(931): App\Controllers\Faq->index('teens')
#1 D:\xamp\htdocs\2021\cursos\ci4\omecms\ome\vendor\codeigniter4\framework\system\CodeIgniter.php(439): CodeIgniter\CodeIgniter->runController(Object(App\Controllers\Faq))
#2 D:\xamp\htdocs\2021\cursos\ci4\omecms\ome\vendor\codeigniter4\framework\system\CodeIgniter.php(339): CodeIgniter\CodeIgniter->handleRequest(NULL, Object(Config\Cache), false)
#3 D:\xamp\htdocs\2021\cursos\ci4\omecms\ome\index.php(44): CodeIgniter\CodeIgniter->run()
#4 {main}
ERROR - 2021-07-16 22:48:58 --> Unknown column 'letra' in 'field list'
CRITICAL - 2021-07-16 22:48:58 --> Unknown column 'letra' in 'field list'
#0 D:\xamp\htdocs\2021\cursos\ci4\omecms\ome\vendor\codeigniter4\framework\system\Database\MySQLi\Connection.php(329): mysqli->query('SELECT `letra`\n...')
#1 D:\xamp\htdocs\2021\cursos\ci4\omecms\ome\vendor\codeigniter4\framework\system\Database\BaseConnection.php(732): CodeIgniter\Database\MySQLi\Connection->execute('SELECT `letra`\n...')
#2 D:\xamp\htdocs\2021\cursos\ci4\omecms\ome\vendor\codeigniter4\framework\system\Database\BaseConnection.php(647): CodeIgniter\Database\BaseConnection->simpleQuery('SELECT `letra`\n...')
#3 D:\xamp\htdocs\2021\cursos\ci4\omecms\ome\vendor\codeigniter4\framework\system\Database\BaseBuilder.php(1881): CodeIgniter\Database\BaseConnection->query('SELECT `letra`\n...', Array, false)
#4 D:\xamp\htdocs\2021\cursos\ci4\omecms\ome\vendor\codeigniter4\framework\system\Model.php(197): CodeIgniter\Database\BaseBuilder->get()
#5 D:\xamp\htdocs\2021\cursos\ci4\omecms\ome\vendor\codeigniter4\framework\system\BaseModel.php(603): CodeIgniter\Model->doFindAll(0, 0)
#6 D:\xamp\htdocs\2021\cursos\ci4\omecms\ome\app\Controllers\Faq.php(12): CodeIgniter\BaseModel->findAll()
#7 D:\xamp\htdocs\2021\cursos\ci4\omecms\ome\vendor\codeigniter4\framework\system\CodeIgniter.php(931): App\Controllers\Faq->index('teens')
#8 D:\xamp\htdocs\2021\cursos\ci4\omecms\ome\vendor\codeigniter4\framework\system\CodeIgniter.php(439): CodeIgniter\CodeIgniter->runController(Object(App\Controllers\Faq))
#9 D:\xamp\htdocs\2021\cursos\ci4\omecms\ome\vendor\codeigniter4\framework\system\CodeIgniter.php(339): CodeIgniter\CodeIgniter->handleRequest(NULL, Object(Config\Cache), false)
#10 D:\xamp\htdocs\2021\cursos\ci4\omecms\ome\index.php(44): CodeIgniter\CodeIgniter->run()
#11 {main}
CRITICAL - 2021-07-16 22:50:50 --> Invalid file: faq/index.php
#0 D:\xamp\htdocs\2021\cursos\ci4\omecms\ome\vendor\codeigniter4\framework\system\View\View.php(213): CodeIgniter\Exceptions\FrameworkException::forInvalidFile('faq/index.php')
#1 D:\xamp\htdocs\2021\cursos\ci4\omecms\ome\vendor\codeigniter4\framework\system\Common.php(1250): CodeIgniter\View\View->render('faq/index', Array, true)
#2 D:\xamp\htdocs\2021\cursos\ci4\omecms\ome\app\Controllers\Faq.php(14): view('faq/index', Array)
#3 D:\xamp\htdocs\2021\cursos\ci4\omecms\ome\vendor\codeigniter4\framework\system\CodeIgniter.php(931): App\Controllers\Faq->index('teens')
#4 D:\xamp\htdocs\2021\cursos\ci4\omecms\ome\vendor\codeigniter4\framework\system\CodeIgniter.php(439): CodeIgniter\CodeIgniter->runController(Object(App\Controllers\Faq))
#5 D:\xamp\htdocs\2021\cursos\ci4\omecms\ome\vendor\codeigniter4\framework\system\CodeIgniter.php(339): CodeIgniter\CodeIgniter->handleRequest(NULL, Object(Config\Cache), false)
#6 D:\xamp\htdocs\2021\cursos\ci4\omecms\ome\index.php(44): CodeIgniter\CodeIgniter->run()
#7 {main}
CRITICAL - 2021-07-16 22:54:28 --> syntax error, unexpected end of file
#0 D:\xamp\htdocs\2021\cursos\ci4\omecms\ome\vendor\codeigniter4\framework\system\View\View.php(232): CodeIgniter\View\View->CodeIgniter\View\{closure}()
#1 D:\xamp\htdocs\2021\cursos\ci4\omecms\ome\vendor\codeigniter4\framework\system\Common.php(1250): CodeIgniter\View\View->render('faq/index', Array, true)
#2 D:\xamp\htdocs\2021\cursos\ci4\omecms\ome\app\Controllers\Faq.php(14): view('faq/index', Array)
#3 D:\xamp\htdocs\2021\cursos\ci4\omecms\ome\vendor\codeigniter4\framework\system\CodeIgniter.php(931): App\Controllers\Faq->index('teens')
#4 D:\xamp\htdocs\2021\cursos\ci4\omecms\ome\vendor\codeigniter4\framework\system\CodeIgniter.php(439): CodeIgniter\CodeIgniter->runController(Object(App\Controllers\Faq))
#5 D:\xamp\htdocs\2021\cursos\ci4\omecms\ome\vendor\codeigniter4\framework\system\CodeIgniter.php(339): CodeIgniter\CodeIgniter->handleRequest(NULL, Object(Config\Cache), false)
#6 D:\xamp\htdocs\2021\cursos\ci4\omecms\ome\index.php(44): CodeIgniter\CodeIgniter->run()
#7 {main}
CRITICAL - 2021-07-16 22:54:59 --> Undefined variable: c
#0 D:\xamp\htdocs\2021\cursos\ci4\omecms\ome\app\Views\faq\index.php(52): CodeIgniter\Debug\Exceptions->errorHandler(8, 'Undefined varia...', 'D:\\xamp\\htdocs\\...', 52, Array)
#1 D:\xamp\htdocs\2021\cursos\ci4\omecms\ome\vendor\codeigniter4\framework\system\View\View.php(230): include('D:\\xamp\\htdocs\\...')
#2 D:\xamp\htdocs\2021\cursos\ci4\omecms\ome\vendor\codeigniter4\framework\system\View\View.php(232): CodeIgniter\View\View->CodeIgniter\View\{closure}()
#3 D:\xamp\htdocs\2021\cursos\ci4\omecms\ome\vendor\codeigniter4\framework\system\Common.php(1250): CodeIgniter\View\View->render('faq/index', Array, true)
#4 D:\xamp\htdocs\2021\cursos\ci4\omecms\ome\app\Controllers\Faq.php(14): view('faq/index', Array)
#5 D:\xamp\htdocs\2021\cursos\ci4\omecms\ome\vendor\codeigniter4\framework\system\CodeIgniter.php(931): App\Controllers\Faq->index('teens')
#6 D:\xamp\htdocs\2021\cursos\ci4\omecms\ome\vendor\codeigniter4\framework\system\CodeIgniter.php(439): CodeIgniter\CodeIgniter->runController(Object(App\Controllers\Faq))
#7 D:\xamp\htdocs\2021\cursos\ci4\omecms\ome\vendor\codeigniter4\framework\system\CodeIgniter.php(339): CodeIgniter\CodeIgniter->handleRequest(NULL, Object(Config\Cache), false)
#8 D:\xamp\htdocs\2021\cursos\ci4\omecms\ome\index.php(44): CodeIgniter\CodeIgniter->run()
#9 {main}
CRITICAL - 2021-07-16 22:56:07 --> Undefined variable: c
#0 D:\xamp\htdocs\2021\cursos\ci4\omecms\ome\app\Views\faq\index.php(45): CodeIgniter\Debug\Exceptions->errorHandler(8, 'Undefined varia...', 'D:\\xamp\\htdocs\\...', 45, Array)
#1 D:\xamp\htdocs\2021\cursos\ci4\omecms\ome\vendor\codeigniter4\framework\system\View\View.php(230): include('D:\\xamp\\htdocs\\...')
#2 D:\xamp\htdocs\2021\cursos\ci4\omecms\ome\vendor\codeigniter4\framework\system\View\View.php(232): CodeIgniter\View\View->CodeIgniter\View\{closure}()
#3 D:\xamp\htdocs\2021\cursos\ci4\omecms\ome\vendor\codeigniter4\framework\system\Common.php(1250): CodeIgniter\View\View->render('faq/index', Array, true)
#4 D:\xamp\htdocs\2021\cursos\ci4\omecms\ome\app\Controllers\Faq.php(14): view('faq/index', Array)
#5 D:\xamp\htdocs\2021\cursos\ci4\omecms\ome\vendor\codeigniter4\framework\system\CodeIgniter.php(931): App\Controllers\Faq->index('teens')
#6 D:\xamp\htdocs\2021\cursos\ci4\omecms\ome\vendor\codeigniter4\framework\system\CodeIgniter.php(439): CodeIgniter\CodeIgniter->runController(Object(App\Controllers\Faq))
#7 D:\xamp\htdocs\2021\cursos\ci4\omecms\ome\vendor\codeigniter4\framework\system\CodeIgniter.php(339): CodeIgniter\CodeIgniter->handleRequest(NULL, Object(Config\Cache), false)
#8 D:\xamp\htdocs\2021\cursos\ci4\omecms\ome\index.php(44): CodeIgniter\CodeIgniter->run()
#9 {main}
CRITICAL - 2021-07-16 22:56:36 --> syntax error, unexpected end of file
#0 D:\xamp\htdocs\2021\cursos\ci4\omecms\ome\vendor\codeigniter4\framework\system\View\View.php(232): CodeIgniter\View\View->CodeIgniter\View\{closure}()
#1 D:\xamp\htdocs\2021\cursos\ci4\omecms\ome\vendor\codeigniter4\framework\system\Common.php(1250): CodeIgniter\View\View->render('faq/index', Array, true)
#2 D:\xamp\htdocs\2021\cursos\ci4\omecms\ome\app\Controllers\Faq.php(14): view('faq/index', Array)
#3 D:\xamp\htdocs\2021\cursos\ci4\omecms\ome\vendor\codeigniter4\framework\system\CodeIgniter.php(931): App\Controllers\Faq->index('teens')
#4 D:\xamp\htdocs\2021\cursos\ci4\omecms\ome\vendor\codeigniter4\framework\system\CodeIgniter.php(439): CodeIgniter\CodeIgniter->runController(Object(App\Controllers\Faq))
#5 D:\xamp\htdocs\2021\cursos\ci4\omecms\ome\vendor\codeigniter4\framework\system\CodeIgniter.php(339): CodeIgniter\CodeIgniter->handleRequest(NULL, Object(Config\Cache), false)
#6 D:\xamp\htdocs\2021\cursos\ci4\omecms\ome\index.php(44): CodeIgniter\CodeIgniter->run()
#7 {main}
CRITICAL - 2021-07-16 23:10:55 --> syntax error, unexpected end of file
#0 D:\xamp\htdocs\2021\cursos\ci4\omecms\ome\vendor\codeigniter4\framework\system\View\View.php(232): CodeIgniter\View\View->CodeIgniter\View\{closure}()
#1 D:\xamp\htdocs\2021\cursos\ci4\omecms\ome\vendor\codeigniter4\framework\system\Common.php(1250): CodeIgniter\View\View->render('faq/index', Array, true)
#2 D:\xamp\htdocs\2021\cursos\ci4\omecms\ome\app\Controllers\Faq.php(13): view('faq/index', Array)
#3 D:\xamp\htdocs\2021\cursos\ci4\omecms\ome\vendor\codeigniter4\framework\system\CodeIgniter.php(931): App\Controllers\Faq->index('teens')
#4 D:\xamp\htdocs\2021\cursos\ci4\omecms\ome\vendor\codeigniter4\framework\system\CodeIgniter.php(439): CodeIgniter\CodeIgniter->runController(Object(App\Controllers\Faq))
#5 D:\xamp\htdocs\2021\cursos\ci4\omecms\ome\vendor\codeigniter4\framework\system\CodeIgniter.php(339): CodeIgniter\CodeIgniter->handleRequest(NULL, Object(Config\Cache), false)
#6 D:\xamp\htdocs\2021\cursos\ci4\omecms\ome\index.php(44): CodeIgniter\CodeIgniter->run()
#7 {main}
