CRITICAL - 2021-07-28 17:18:42 --> Undefined variable: img_path
#0 D:\xamp\htdocs\2021\cursos\ci4\omecms\ome\app\Views\content\index.php(21): CodeIgniter\Debug\Exceptions->errorHandler(8, 'Undefined varia...', 'D:\\xamp\\htdocs\\...', 21, Array)
#1 D:\xamp\htdocs\2021\cursos\ci4\omecms\ome\vendor\codeigniter4\framework\system\View\View.php(230): include('D:\\xamp\\htdocs\\...')
#2 D:\xamp\htdocs\2021\cursos\ci4\omecms\ome\vendor\codeigniter4\framework\system\View\View.php(232): CodeIgniter\View\View->CodeIgniter\View\{closure}()
#3 D:\xamp\htdocs\2021\cursos\ci4\omecms\ome\vendor\codeigniter4\framework\system\Common.php(1250): CodeIgniter\View\View->render('content/index', Array, true)
#4 D:\xamp\htdocs\2021\cursos\ci4\omecms\ome\app\Controllers\Content.php(19): view('content/index', Array)
#5 D:\xamp\htdocs\2021\cursos\ci4\omecms\ome\vendor\codeigniter4\framework\system\CodeIgniter.php(931): App\Controllers\Content->index('kids', '361', '1', '1', '1', '5', 'hvp', '1')
#6 D:\xamp\htdocs\2021\cursos\ci4\omecms\ome\vendor\codeigniter4\framework\system\CodeIgniter.php(439): CodeIgniter\CodeIgniter->runController(Object(App\Controllers\Content))
#7 D:\xamp\htdocs\2021\cursos\ci4\omecms\ome\vendor\codeigniter4\framework\system\CodeIgniter.php(339): CodeIgniter\CodeIgniter->handleRequest(NULL, Object(Config\Cache), false)
#8 D:\xamp\htdocs\2021\cursos\ci4\omecms\ome\index.php(44): CodeIgniter\CodeIgniter->run()
#9 {main}
CRITICAL - 2021-07-28 17:26:37 --> Undefined variable: img_path
#0 D:\xamp\htdocs\2021\cursos\ci4\omecms\ome\app\Views\content\index.php(21): CodeIgniter\Debug\Exceptions->errorHandler(8, 'Undefined varia...', 'D:\\xamp\\htdocs\\...', 21, Array)
#1 D:\xamp\htdocs\2021\cursos\ci4\omecms\ome\vendor\codeigniter4\framework\system\View\View.php(230): include('D:\\xamp\\htdocs\\...')
#2 D:\xamp\htdocs\2021\cursos\ci4\omecms\ome\vendor\codeigniter4\framework\system\View\View.php(232): CodeIgniter\View\View->CodeIgniter\View\{closure}()
#3 D:\xamp\htdocs\2021\cursos\ci4\omecms\ome\vendor\codeigniter4\framework\system\Common.php(1250): CodeIgniter\View\View->render('content/index', Array, true)
#4 D:\xamp\htdocs\2021\cursos\ci4\omecms\ome\app\Controllers\Content.php(20): view('content/index', Array)
#5 D:\xamp\htdocs\2021\cursos\ci4\omecms\ome\vendor\codeigniter4\framework\system\CodeIgniter.php(931): App\Controllers\Content->index('kids', '361', '1', '1', '1', '5', 'hvp', '1', 'video')
#6 D:\xamp\htdocs\2021\cursos\ci4\omecms\ome\vendor\codeigniter4\framework\system\CodeIgniter.php(439): CodeIgniter\CodeIgniter->runController(Object(App\Controllers\Content))
#7 D:\xamp\htdocs\2021\cursos\ci4\omecms\ome\vendor\codeigniter4\framework\system\CodeIgniter.php(339): CodeIgniter\CodeIgniter->handleRequest(NULL, Object(Config\Cache), false)
#8 D:\xamp\htdocs\2021\cursos\ci4\omecms\ome\index.php(44): CodeIgniter\CodeIgniter->run()
#9 {main}
ERROR - 2021-07-28 22:11:04 --> Unknown column 'url_resource' in 'field list'
CRITICAL - 2021-07-28 22:11:04 --> Unknown column 'url_resource' in 'field list'
#0 D:\xamp\htdocs\2021\cursos\ci4\omecms\ome\vendor\codeigniter4\framework\system\Database\MySQLi\Connection.php(329): mysqli->query('SELECT `url_res...')
#1 D:\xamp\htdocs\2021\cursos\ci4\omecms\ome\vendor\codeigniter4\framework\system\Database\BaseConnection.php(732): CodeIgniter\Database\MySQLi\Connection->execute('SELECT `url_res...')
#2 D:\xamp\htdocs\2021\cursos\ci4\omecms\ome\vendor\codeigniter4\framework\system\Database\BaseConnection.php(647): CodeIgniter\Database\BaseConnection->simpleQuery('SELECT `url_res...')
#3 D:\xamp\htdocs\2021\cursos\ci4\omecms\ome\vendor\codeigniter4\framework\system\Database\BaseBuilder.php(1881): CodeIgniter\Database\BaseConnection->query('SELECT `url_res...', Array, false)
#4 D:\xamp\htdocs\2021\cursos\ci4\omecms\ome\vendor\codeigniter4\framework\system\Model.php(197): CodeIgniter\Database\BaseBuilder->get()
#5 D:\xamp\htdocs\2021\cursos\ci4\omecms\ome\vendor\codeigniter4\framework\system\BaseModel.php(603): CodeIgniter\Model->doFindAll(0, 0)
#6 D:\xamp\htdocs\2021\cursos\ci4\omecms\ome\app\Controllers\Content.php(13): CodeIgniter\BaseModel->findAll()
#7 D:\xamp\htdocs\2021\cursos\ci4\omecms\ome\vendor\codeigniter4\framework\system\CodeIgniter.php(931): App\Controllers\Content->index('kids', '226', '1', '1', '1', '5', 'resource', '8', 'pdf')
#8 D:\xamp\htdocs\2021\cursos\ci4\omecms\ome\vendor\codeigniter4\framework\system\CodeIgniter.php(439): CodeIgniter\CodeIgniter->runController(Object(App\Controllers\Content))
#9 D:\xamp\htdocs\2021\cursos\ci4\omecms\ome\vendor\codeigniter4\framework\system\CodeIgniter.php(339): CodeIgniter\CodeIgniter->handleRequest(NULL, Object(Config\Cache), false)
#10 D:\xamp\htdocs\2021\cursos\ci4\omecms\ome\index.php(44): CodeIgniter\CodeIgniter->run()
#11 {main}
CRITICAL - 2021-07-28 22:11:46 --> Undefined variable: resource
#0 D:\xamp\htdocs\2021\cursos\ci4\omecms\ome\app\Views\content\index.php(44): CodeIgniter\Debug\Exceptions->errorHandler(8, 'Undefined varia...', 'D:\\xamp\\htdocs\\...', 44, Array)
#1 D:\xamp\htdocs\2021\cursos\ci4\omecms\ome\vendor\codeigniter4\framework\system\View\View.php(230): include('D:\\xamp\\htdocs\\...')
#2 D:\xamp\htdocs\2021\cursos\ci4\omecms\ome\vendor\codeigniter4\framework\system\View\View.php(232): CodeIgniter\View\View->CodeIgniter\View\{closure}()
#3 D:\xamp\htdocs\2021\cursos\ci4\omecms\ome\vendor\codeigniter4\framework\system\Common.php(1250): CodeIgniter\View\View->render('content/index', Array, true)
#4 D:\xamp\htdocs\2021\cursos\ci4\omecms\ome\app\Controllers\Content.php(28): view('content/index', Array)
#5 D:\xamp\htdocs\2021\cursos\ci4\omecms\ome\vendor\codeigniter4\framework\system\CodeIgniter.php(931): App\Controllers\Content->index('kids', '226', '1', '1', '1', '5', 'resource', '8', 'pdf')
#6 D:\xamp\htdocs\2021\cursos\ci4\omecms\ome\vendor\codeigniter4\framework\system\CodeIgniter.php(439): CodeIgniter\CodeIgniter->runController(Object(App\Controllers\Content))
#7 D:\xamp\htdocs\2021\cursos\ci4\omecms\ome\vendor\codeigniter4\framework\system\CodeIgniter.php(339): CodeIgniter\CodeIgniter->handleRequest(NULL, Object(Config\Cache), false)
#8 D:\xamp\htdocs\2021\cursos\ci4\omecms\ome\index.php(44): CodeIgniter\CodeIgniter->run()
#9 {main}
CRITICAL - 2021-07-28 22:12:18 --> Array to string conversion
#0 D:\xamp\htdocs\2021\cursos\ci4\omecms\ome\app\Views\content\index.php(44): CodeIgniter\Debug\Exceptions->errorHandler(8, 'Array to string...', 'D:\\xamp\\htdocs\\...', 44, Array)
#1 D:\xamp\htdocs\2021\cursos\ci4\omecms\ome\vendor\codeigniter4\framework\system\View\View.php(230): include('D:\\xamp\\htdocs\\...')
#2 D:\xamp\htdocs\2021\cursos\ci4\omecms\ome\vendor\codeigniter4\framework\system\View\View.php(232): CodeIgniter\View\View->CodeIgniter\View\{closure}()
#3 D:\xamp\htdocs\2021\cursos\ci4\omecms\ome\vendor\codeigniter4\framework\system\Common.php(1250): CodeIgniter\View\View->render('content/index', Array, true)
#4 D:\xamp\htdocs\2021\cursos\ci4\omecms\ome\app\Controllers\Content.php(28): view('content/index', Array)
#5 D:\xamp\htdocs\2021\cursos\ci4\omecms\ome\vendor\codeigniter4\framework\system\CodeIgniter.php(931): App\Controllers\Content->index('kids', '226', '1', '1', '1', '5', 'resource', '8', 'pdf')
#6 D:\xamp\htdocs\2021\cursos\ci4\omecms\ome\vendor\codeigniter4\framework\system\CodeIgniter.php(439): CodeIgniter\CodeIgniter->runController(Object(App\Controllers\Content))
#7 D:\xamp\htdocs\2021\cursos\ci4\omecms\ome\vendor\codeigniter4\framework\system\CodeIgniter.php(339): CodeIgniter\CodeIgniter->handleRequest(NULL, Object(Config\Cache), false)
#8 D:\xamp\htdocs\2021\cursos\ci4\omecms\ome\index.php(44): CodeIgniter\CodeIgniter->run()
#9 {main}
CRITICAL - 2021-07-28 22:13:14 --> Object of class App\Models\ActivityModel could not be converted to string
#0 D:\xamp\htdocs\2021\cursos\ci4\omecms\ome\vendor\codeigniter4\framework\system\View\View.php(230): include()
#1 D:\xamp\htdocs\2021\cursos\ci4\omecms\ome\vendor\codeigniter4\framework\system\View\View.php(232): CodeIgniter\View\View->CodeIgniter\View\{closure}()
#2 D:\xamp\htdocs\2021\cursos\ci4\omecms\ome\vendor\codeigniter4\framework\system\Common.php(1250): CodeIgniter\View\View->render('content/index', Array, true)
#3 D:\xamp\htdocs\2021\cursos\ci4\omecms\ome\app\Controllers\Content.php(27): view('content/index', Array)
#4 D:\xamp\htdocs\2021\cursos\ci4\omecms\ome\vendor\codeigniter4\framework\system\CodeIgniter.php(931): App\Controllers\Content->index('kids', '226', '1', '1', '1', '5', 'resource', '8', 'pdf')
#5 D:\xamp\htdocs\2021\cursos\ci4\omecms\ome\vendor\codeigniter4\framework\system\CodeIgniter.php(439): CodeIgniter\CodeIgniter->runController(Object(App\Controllers\Content))
#6 D:\xamp\htdocs\2021\cursos\ci4\omecms\ome\vendor\codeigniter4\framework\system\CodeIgniter.php(339): CodeIgniter\CodeIgniter->handleRequest(NULL, Object(Config\Cache), false)
#7 D:\xamp\htdocs\2021\cursos\ci4\omecms\ome\index.php(44): CodeIgniter\CodeIgniter->run()
#8 {main}
CRITICAL - 2021-07-28 22:13:48 --> Cannot use object of type App\Models\ActivityModel as array
#0 D:\xamp\htdocs\2021\cursos\ci4\omecms\ome\vendor\codeigniter4\framework\system\CodeIgniter.php(931): App\Controllers\Content->index('kids', '226', '1', '1', '1', '5', 'resource', '8', 'pdf')
#1 D:\xamp\htdocs\2021\cursos\ci4\omecms\ome\vendor\codeigniter4\framework\system\CodeIgniter.php(439): CodeIgniter\CodeIgniter->runController(Object(App\Controllers\Content))
#2 D:\xamp\htdocs\2021\cursos\ci4\omecms\ome\vendor\codeigniter4\framework\system\CodeIgniter.php(339): CodeIgniter\CodeIgniter->handleRequest(NULL, Object(Config\Cache), false)
#3 D:\xamp\htdocs\2021\cursos\ci4\omecms\ome\index.php(44): CodeIgniter\CodeIgniter->run()
#4 {main}
CRITICAL - 2021-07-28 22:14:39 --> Cannot use object of type App\Models\ActivityModel as array
#0 D:\xamp\htdocs\2021\cursos\ci4\omecms\ome\vendor\codeigniter4\framework\system\View\View.php(230): include()
#1 D:\xamp\htdocs\2021\cursos\ci4\omecms\ome\vendor\codeigniter4\framework\system\View\View.php(232): CodeIgniter\View\View->CodeIgniter\View\{closure}()
#2 D:\xamp\htdocs\2021\cursos\ci4\omecms\ome\vendor\codeigniter4\framework\system\Common.php(1250): CodeIgniter\View\View->render('content/index', Array, true)
#3 D:\xamp\htdocs\2021\cursos\ci4\omecms\ome\app\Controllers\Content.php(27): view('content/index', Array)
#4 D:\xamp\htdocs\2021\cursos\ci4\omecms\ome\vendor\codeigniter4\framework\system\CodeIgniter.php(931): App\Controllers\Content->index('kids', '226', '1', '1', '1', '5', 'resource', '8', 'pdf')
#5 D:\xamp\htdocs\2021\cursos\ci4\omecms\ome\vendor\codeigniter4\framework\system\CodeIgniter.php(439): CodeIgniter\CodeIgniter->runController(Object(App\Controllers\Content))
#6 D:\xamp\htdocs\2021\cursos\ci4\omecms\ome\vendor\codeigniter4\framework\system\CodeIgniter.php(339): CodeIgniter\CodeIgniter->handleRequest(NULL, Object(Config\Cache), false)
#7 D:\xamp\htdocs\2021\cursos\ci4\omecms\ome\index.php(44): CodeIgniter\CodeIgniter->run()
#8 {main}
CRITICAL - 2021-07-28 22:23:05 --> Cannot use object of type App\Models\ActivityModel as array
#0 D:\xamp\htdocs\2021\cursos\ci4\omecms\ome\vendor\codeigniter4\framework\system\View\View.php(230): include()
#1 D:\xamp\htdocs\2021\cursos\ci4\omecms\ome\vendor\codeigniter4\framework\system\View\View.php(232): CodeIgniter\View\View->CodeIgniter\View\{closure}()
#2 D:\xamp\htdocs\2021\cursos\ci4\omecms\ome\vendor\codeigniter4\framework\system\Common.php(1250): CodeIgniter\View\View->render('content/index', Array, true)
#3 D:\xamp\htdocs\2021\cursos\ci4\omecms\ome\app\Controllers\Content.php(27): view('content/index', Array)
#4 D:\xamp\htdocs\2021\cursos\ci4\omecms\ome\vendor\codeigniter4\framework\system\CodeIgniter.php(931): App\Controllers\Content->index('kids', '226', '1', '1', '1', '5', 'resource', '8', 'pdf')
#5 D:\xamp\htdocs\2021\cursos\ci4\omecms\ome\vendor\codeigniter4\framework\system\CodeIgniter.php(439): CodeIgniter\CodeIgniter->runController(Object(App\Controllers\Content))
#6 D:\xamp\htdocs\2021\cursos\ci4\omecms\ome\vendor\codeigniter4\framework\system\CodeIgniter.php(339): CodeIgniter\CodeIgniter->handleRequest(NULL, Object(Config\Cache), false)
#7 D:\xamp\htdocs\2021\cursos\ci4\omecms\ome\index.php(44): CodeIgniter\CodeIgniter->run()
#8 {main}
CRITICAL - 2021-07-28 22:29:48 --> Call to undefined method App\Models\ActivityModel::get_compiled_select
#0 D:\xamp\htdocs\2021\cursos\ci4\omecms\ome\app\Controllers\Content.php(13): CodeIgniter\Model->__call('get_compiled_se...', Array)
#1 D:\xamp\htdocs\2021\cursos\ci4\omecms\ome\vendor\codeigniter4\framework\system\CodeIgniter.php(931): App\Controllers\Content->index('kids', '226', '1', '1', '1', '5', 'resource', '8', 'pdf')
#2 D:\xamp\htdocs\2021\cursos\ci4\omecms\ome\vendor\codeigniter4\framework\system\CodeIgniter.php(439): CodeIgniter\CodeIgniter->runController(Object(App\Controllers\Content))
#3 D:\xamp\htdocs\2021\cursos\ci4\omecms\ome\vendor\codeigniter4\framework\system\CodeIgniter.php(339): CodeIgniter\CodeIgniter->handleRequest(NULL, Object(Config\Cache), false)
#4 D:\xamp\htdocs\2021\cursos\ci4\omecms\ome\index.php(44): CodeIgniter\CodeIgniter->run()
#5 {main}
CRITICAL - 2021-07-28 22:30:00 --> Call to undefined method App\Models\ActivityModel::compiled_select
#0 D:\xamp\htdocs\2021\cursos\ci4\omecms\ome\app\Controllers\Content.php(13): CodeIgniter\Model->__call('compiled_select', Array)
#1 D:\xamp\htdocs\2021\cursos\ci4\omecms\ome\vendor\codeigniter4\framework\system\CodeIgniter.php(931): App\Controllers\Content->index('kids', '226', '1', '1', '1', '5', 'resource', '8', 'pdf')
#2 D:\xamp\htdocs\2021\cursos\ci4\omecms\ome\vendor\codeigniter4\framework\system\CodeIgniter.php(439): CodeIgniter\CodeIgniter->runController(Object(App\Controllers\Content))
#3 D:\xamp\htdocs\2021\cursos\ci4\omecms\ome\vendor\codeigniter4\framework\system\CodeIgniter.php(339): CodeIgniter\CodeIgniter->handleRequest(NULL, Object(Config\Cache), false)
#4 D:\xamp\htdocs\2021\cursos\ci4\omecms\ome\index.php(44): CodeIgniter\CodeIgniter->run()
#5 {main}
CRITICAL - 2021-07-28 22:32:51 --> Undefined variable: resource
#0 D:\xamp\htdocs\2021\cursos\ci4\omecms\ome\app\Controllers\Content.php(12): CodeIgniter\Debug\Exceptions->errorHandler(8, 'Undefined varia...', 'D:\\xamp\\htdocs\\...', 12, Array)
#1 D:\xamp\htdocs\2021\cursos\ci4\omecms\ome\vendor\codeigniter4\framework\system\CodeIgniter.php(931): App\Controllers\Content->index('kids', '226', '1', '1', '1', '5', 'resource', '8', 'pdf')
#2 D:\xamp\htdocs\2021\cursos\ci4\omecms\ome\vendor\codeigniter4\framework\system\CodeIgniter.php(439): CodeIgniter\CodeIgniter->runController(Object(App\Controllers\Content))
#3 D:\xamp\htdocs\2021\cursos\ci4\omecms\ome\vendor\codeigniter4\framework\system\CodeIgniter.php(339): CodeIgniter\CodeIgniter->handleRequest(NULL, Object(Config\Cache), false)
#4 D:\xamp\htdocs\2021\cursos\ci4\omecms\ome\index.php(44): CodeIgniter\CodeIgniter->run()
#5 {main}
CRITICAL - 2021-07-28 22:35:26 --> Call to a member function GetCompiledSelect() on array
#0 D:\xamp\htdocs\2021\cursos\ci4\omecms\ome\vendor\codeigniter4\framework\system\CodeIgniter.php(931): App\Controllers\Content->index('kids', '226', '1', '1', '1', '5', 'resource', '8', 'pdf')
#1 D:\xamp\htdocs\2021\cursos\ci4\omecms\ome\vendor\codeigniter4\framework\system\CodeIgniter.php(439): CodeIgniter\CodeIgniter->runController(Object(App\Controllers\Content))
#2 D:\xamp\htdocs\2021\cursos\ci4\omecms\ome\vendor\codeigniter4\framework\system\CodeIgniter.php(339): CodeIgniter\CodeIgniter->handleRequest(NULL, Object(Config\Cache), false)
#3 D:\xamp\htdocs\2021\cursos\ci4\omecms\ome\index.php(44): CodeIgniter\CodeIgniter->run()
#4 {main}
CRITICAL - 2021-07-28 22:38:08 --> Undefined variable: url
#0 D:\xamp\htdocs\2021\cursos\ci4\omecms\ome\app\Views\content\index.php(56): CodeIgniter\Debug\Exceptions->errorHandler(8, 'Undefined varia...', 'D:\\xamp\\htdocs\\...', 56, Array)
#1 D:\xamp\htdocs\2021\cursos\ci4\omecms\ome\vendor\codeigniter4\framework\system\View\View.php(230): include('D:\\xamp\\htdocs\\...')
#2 D:\xamp\htdocs\2021\cursos\ci4\omecms\ome\vendor\codeigniter4\framework\system\View\View.php(232): CodeIgniter\View\View->CodeIgniter\View\{closure}()
#3 D:\xamp\htdocs\2021\cursos\ci4\omecms\ome\vendor\codeigniter4\framework\system\Common.php(1250): CodeIgniter\View\View->render('content/index', Array, true)
#4 D:\xamp\htdocs\2021\cursos\ci4\omecms\ome\app\Controllers\Content.php(26): view('content/index', Array)
#5 D:\xamp\htdocs\2021\cursos\ci4\omecms\ome\vendor\codeigniter4\framework\system\CodeIgniter.php(931): App\Controllers\Content->index('kids', '226', '1', '1', '1', '5', 'resource', '8', 'pdf')
#6 D:\xamp\htdocs\2021\cursos\ci4\omecms\ome\vendor\codeigniter4\framework\system\CodeIgniter.php(439): CodeIgniter\CodeIgniter->runController(Object(App\Controllers\Content))
#7 D:\xamp\htdocs\2021\cursos\ci4\omecms\ome\vendor\codeigniter4\framework\system\CodeIgniter.php(339): CodeIgniter\CodeIgniter->handleRequest(NULL, Object(Config\Cache), false)
#8 D:\xamp\htdocs\2021\cursos\ci4\omecms\ome\index.php(44): CodeIgniter\CodeIgniter->run()
#9 {main}
