CRITICAL - 2021-06-18 20:05:52 --> Undefined variable: totalTime
#0 D:\xamp\htdocs\2021\cursos\ci4\omecms\ome\vendor\codeigniter4\framework\system\Debug\Toolbar\Views\toolbar.tpl.php(41): CodeIgniter\Debug\Exceptions->errorHandler(8, 'Undefined varia...', 'D:\\xamp\\htdocs\\...', 41, Array)
#1 D:\xamp\htdocs\2021\cursos\ci4\omecms\ome\vendor\codeigniter4\framework\system\Debug\Toolbar.php(495): include('D:\\xamp\\htdocs\\...')
#2 D:\xamp\htdocs\2021\cursos\ci4\omecms\ome\vendor\codeigniter4\framework\system\Debug\Toolbar.php(452): CodeIgniter\Debug\Toolbar->format(Array, 'html')
#3 D:\xamp\htdocs\2021\cursos\ci4\omecms\ome\app\Config\Events.php(52): CodeIgniter\Debug\Toolbar->respond()
#4 [internal function]: CodeIgniter\Events\Events::Config\{closure}()
#5 D:\xamp\htdocs\2021\cursos\ci4\omecms\ome\vendor\codeigniter4\framework\system\Events\Events.php(166): call_user_func(Object(Closure))
#6 D:\xamp\htdocs\2021\cursos\ci4\omecms\ome\vendor\codeigniter4\framework\system\CodeIgniter.php(319): CodeIgniter\Events\Events::trigger('pre_system')
#7 D:\xamp\htdocs\2021\cursos\ci4\omecms\ome\index.php(44): CodeIgniter\CodeIgniter->run()
#8 {main}
CRITICAL - 2021-06-18 20:06:04 --> unlink(D:\xamp\htdocs\2021\cursos\ci4\omecms\ome\writable\debugbar/debugbar_1624064744.json): No such file or directory
#0 [internal function]: CodeIgniter\Debug\Exceptions->errorHandler(2, 'unlink(D:\\xamp\\...', 'D:\\xamp\\htdocs\\...', 78, Array)
#1 D:\xamp\htdocs\2021\cursos\ci4\omecms\ome\vendor\codeigniter4\framework\system\Debug\Toolbar\Collectors\History.php(78): unlink('D:\\xamp\\htdocs\\...')
#2 D:\xamp\htdocs\2021\cursos\ci4\omecms\ome\vendor\codeigniter4\framework\system\Debug\Toolbar.php(480): CodeIgniter\Debug\Toolbar\Collectors\History->setFiles(1624064763, 20)
#3 D:\xamp\htdocs\2021\cursos\ci4\omecms\ome\vendor\codeigniter4\framework\system\Debug\Toolbar.php(452): CodeIgniter\Debug\Toolbar->format(Array, 'html')
#4 D:\xamp\htdocs\2021\cursos\ci4\omecms\ome\app\Config\Events.php(52): CodeIgniter\Debug\Toolbar->respond()
#5 [internal function]: CodeIgniter\Events\Events::Config\{closure}()
#6 D:\xamp\htdocs\2021\cursos\ci4\omecms\ome\vendor\codeigniter4\framework\system\Events\Events.php(166): call_user_func(Object(Closure))
#7 D:\xamp\htdocs\2021\cursos\ci4\omecms\ome\vendor\codeigniter4\framework\system\CodeIgniter.php(319): CodeIgniter\Events\Events::trigger('pre_system')
#8 D:\xamp\htdocs\2021\cursos\ci4\omecms\ome\index.php(44): CodeIgniter\CodeIgniter->run()
#9 {main}
CRITICAL - 2021-06-18 20:06:10 --> unlink(D:\xamp\htdocs\2021\cursos\ci4\omecms\ome\writable\debugbar/debugbar_1624064749.json): No such file or directory
#0 [internal function]: CodeIgniter\Debug\Exceptions->errorHandler(2, 'unlink(D:\\xamp\\...', 'D:\\xamp\\htdocs\\...', 78, Array)
#1 D:\xamp\htdocs\2021\cursos\ci4\omecms\ome\vendor\codeigniter4\framework\system\Debug\Toolbar\Collectors\History.php(78): unlink('D:\\xamp\\htdocs\\...')
#2 D:\xamp\htdocs\2021\cursos\ci4\omecms\ome\vendor\codeigniter4\framework\system\Debug\Toolbar.php(480): CodeIgniter\Debug\Toolbar\Collectors\History->setFiles(1624064769, 20)
#3 D:\xamp\htdocs\2021\cursos\ci4\omecms\ome\vendor\codeigniter4\framework\system\Debug\Toolbar.php(452): CodeIgniter\Debug\Toolbar->format(Array, 'html')
#4 D:\xamp\htdocs\2021\cursos\ci4\omecms\ome\app\Config\Events.php(52): CodeIgniter\Debug\Toolbar->respond()
#5 [internal function]: CodeIgniter\Events\Events::Config\{closure}()
#6 D:\xamp\htdocs\2021\cursos\ci4\omecms\ome\vendor\codeigniter4\framework\system\Events\Events.php(166): call_user_func(Object(Closure))
#7 D:\xamp\htdocs\2021\cursos\ci4\omecms\ome\vendor\codeigniter4\framework\system\CodeIgniter.php(319): CodeIgniter\Events\Events::trigger('pre_system')
#8 D:\xamp\htdocs\2021\cursos\ci4\omecms\ome\index.php(44): CodeIgniter\CodeIgniter->run()
#9 {main}
CRITICAL - 2021-06-18 20:07:03 --> View themes, no current section.
#0 D:\xamp\htdocs\2021\cursos\ci4\omecms\ome\app\Views\scorm\index.php(47): CodeIgniter\View\View->endSection()
#1 D:\xamp\htdocs\2021\cursos\ci4\omecms\ome\vendor\codeigniter4\framework\system\View\View.php(230): include('D:\\xamp\\htdocs\\...')
#2 D:\xamp\htdocs\2021\cursos\ci4\omecms\ome\vendor\codeigniter4\framework\system\View\View.php(232): CodeIgniter\View\View->CodeIgniter\View\{closure}()
#3 D:\xamp\htdocs\2021\cursos\ci4\omecms\ome\vendor\codeigniter4\framework\system\Common.php(1250): CodeIgniter\View\View->render('scorm/index', Array, true)
#4 D:\xamp\htdocs\2021\cursos\ci4\omecms\ome\app\Controllers\Scorm.php(16): view('scorm/index', Array)
#5 D:\xamp\htdocs\2021\cursos\ci4\omecms\ome\vendor\codeigniter4\framework\system\CodeIgniter.php(931): App\Controllers\Scorm->index('kids', '4', '1', '3')
#6 D:\xamp\htdocs\2021\cursos\ci4\omecms\ome\vendor\codeigniter4\framework\system\CodeIgniter.php(439): CodeIgniter\CodeIgniter->runController(Object(App\Controllers\Scorm))
#7 D:\xamp\htdocs\2021\cursos\ci4\omecms\ome\vendor\codeigniter4\framework\system\CodeIgniter.php(339): CodeIgniter\CodeIgniter->handleRequest(NULL, Object(Config\Cache), false)
#8 D:\xamp\htdocs\2021\cursos\ci4\omecms\ome\index.php(44): CodeIgniter\CodeIgniter->run()
#9 {main}
CRITICAL - 2021-06-18 20:08:00 --> View themes, no current section.
#0 D:\xamp\htdocs\2021\cursos\ci4\omecms\ome\app\Views\scorm\index.php(47): CodeIgniter\View\View->endSection()
#1 D:\xamp\htdocs\2021\cursos\ci4\omecms\ome\vendor\codeigniter4\framework\system\View\View.php(230): include('D:\\xamp\\htdocs\\...')
#2 D:\xamp\htdocs\2021\cursos\ci4\omecms\ome\vendor\codeigniter4\framework\system\View\View.php(232): CodeIgniter\View\View->CodeIgniter\View\{closure}()
#3 D:\xamp\htdocs\2021\cursos\ci4\omecms\ome\vendor\codeigniter4\framework\system\Common.php(1250): CodeIgniter\View\View->render('scorm/index', Array, true)
#4 D:\xamp\htdocs\2021\cursos\ci4\omecms\ome\app\Controllers\Scorm.php(16): view('scorm/index', Array)
#5 D:\xamp\htdocs\2021\cursos\ci4\omecms\ome\vendor\codeigniter4\framework\system\CodeIgniter.php(931): App\Controllers\Scorm->index('kids', '4', '1', '3')
#6 D:\xamp\htdocs\2021\cursos\ci4\omecms\ome\vendor\codeigniter4\framework\system\CodeIgniter.php(439): CodeIgniter\CodeIgniter->runController(Object(App\Controllers\Scorm))
#7 D:\xamp\htdocs\2021\cursos\ci4\omecms\ome\vendor\codeigniter4\framework\system\CodeIgniter.php(339): CodeIgniter\CodeIgniter->handleRequest(NULL, Object(Config\Cache), false)
#8 D:\xamp\htdocs\2021\cursos\ci4\omecms\ome\index.php(44): CodeIgniter\CodeIgniter->run()
#9 {main}
CRITICAL - 2021-06-18 20:08:04 --> View themes, no current section.
#0 D:\xamp\htdocs\2021\cursos\ci4\omecms\ome\app\Views\scorm\index.php(47): CodeIgniter\View\View->endSection()
#1 D:\xamp\htdocs\2021\cursos\ci4\omecms\ome\vendor\codeigniter4\framework\system\View\View.php(230): include('D:\\xamp\\htdocs\\...')
#2 D:\xamp\htdocs\2021\cursos\ci4\omecms\ome\vendor\codeigniter4\framework\system\View\View.php(232): CodeIgniter\View\View->CodeIgniter\View\{closure}()
#3 D:\xamp\htdocs\2021\cursos\ci4\omecms\ome\vendor\codeigniter4\framework\system\Common.php(1250): CodeIgniter\View\View->render('scorm/index', Array, true)
#4 D:\xamp\htdocs\2021\cursos\ci4\omecms\ome\app\Controllers\Scorm.php(16): view('scorm/index', Array)
#5 D:\xamp\htdocs\2021\cursos\ci4\omecms\ome\vendor\codeigniter4\framework\system\CodeIgniter.php(931): App\Controllers\Scorm->index('kids', '4', '1', '3')
#6 D:\xamp\htdocs\2021\cursos\ci4\omecms\ome\vendor\codeigniter4\framework\system\CodeIgniter.php(439): CodeIgniter\CodeIgniter->runController(Object(App\Controllers\Scorm))
#7 D:\xamp\htdocs\2021\cursos\ci4\omecms\ome\vendor\codeigniter4\framework\system\CodeIgniter.php(339): CodeIgniter\CodeIgniter->handleRequest(NULL, Object(Config\Cache), false)
#8 D:\xamp\htdocs\2021\cursos\ci4\omecms\ome\index.php(44): CodeIgniter\CodeIgniter->run()
#9 {main}
CRITICAL - 2021-06-18 20:09:22 --> View themes, no current section.
#0 D:\xamp\htdocs\2021\cursos\ci4\omecms\ome\app\Views\scorm\index.php(47): CodeIgniter\View\View->endSection()
#1 D:\xamp\htdocs\2021\cursos\ci4\omecms\ome\vendor\codeigniter4\framework\system\View\View.php(230): include('D:\\xamp\\htdocs\\...')
#2 D:\xamp\htdocs\2021\cursos\ci4\omecms\ome\vendor\codeigniter4\framework\system\View\View.php(232): CodeIgniter\View\View->CodeIgniter\View\{closure}()
#3 D:\xamp\htdocs\2021\cursos\ci4\omecms\ome\vendor\codeigniter4\framework\system\Common.php(1250): CodeIgniter\View\View->render('scorm/index', Array, true)
#4 D:\xamp\htdocs\2021\cursos\ci4\omecms\ome\app\Controllers\Scorm.php(16): view('scorm/index', Array)
#5 D:\xamp\htdocs\2021\cursos\ci4\omecms\ome\vendor\codeigniter4\framework\system\CodeIgniter.php(931): App\Controllers\Scorm->index('kids', '4', '1', '3')
#6 D:\xamp\htdocs\2021\cursos\ci4\omecms\ome\vendor\codeigniter4\framework\system\CodeIgniter.php(439): CodeIgniter\CodeIgniter->runController(Object(App\Controllers\Scorm))
#7 D:\xamp\htdocs\2021\cursos\ci4\omecms\ome\vendor\codeigniter4\framework\system\CodeIgniter.php(339): CodeIgniter\CodeIgniter->handleRequest(NULL, Object(Config\Cache), false)
#8 D:\xamp\htdocs\2021\cursos\ci4\omecms\ome\index.php(44): CodeIgniter\CodeIgniter->run()
#9 {main}
CRITICAL - 2021-06-18 20:18:23 --> Undefined property: App\Controllers\Scorm::$load
#0 D:\xamp\htdocs\2021\cursos\ci4\omecms\ome\app\Controllers\Scorm.php(16): CodeIgniter\Debug\Exceptions->errorHandler(8, 'Undefined prope...', 'D:\\xamp\\htdocs\\...', 16, Array)
#1 D:\xamp\htdocs\2021\cursos\ci4\omecms\ome\vendor\codeigniter4\framework\system\CodeIgniter.php(931): App\Controllers\Scorm->index('kids', '4', '1', '3')
#2 D:\xamp\htdocs\2021\cursos\ci4\omecms\ome\vendor\codeigniter4\framework\system\CodeIgniter.php(439): CodeIgniter\CodeIgniter->runController(Object(App\Controllers\Scorm))
#3 D:\xamp\htdocs\2021\cursos\ci4\omecms\ome\vendor\codeigniter4\framework\system\CodeIgniter.php(339): CodeIgniter\CodeIgniter->handleRequest(NULL, Object(Config\Cache), false)
#4 D:\xamp\htdocs\2021\cursos\ci4\omecms\ome\index.php(44): CodeIgniter\CodeIgniter->run()
#5 {main}
CRITICAL - 2021-06-18 20:50:49 --> Invalid file: content.php
#0 D:\xamp\htdocs\2021\cursos\ci4\omecms\ome\vendor\codeigniter4\framework\system\View\View.php(213): CodeIgniter\Exceptions\FrameworkException::forInvalidFile('content.php')
#1 D:\xamp\htdocs\2021\cursos\ci4\omecms\ome\vendor\codeigniter4\framework\system\View\View.php(487): CodeIgniter\View\View->render('content', NULL, true)
#2 D:\xamp\htdocs\2021\cursos\ci4\omecms\ome\app\Views\templates\template_scorm.php(26): CodeIgniter\View\View->include('content')
#3 D:\xamp\htdocs\2021\cursos\ci4\omecms\ome\vendor\codeigniter4\framework\system\View\View.php(230): include('D:\\xamp\\htdocs\\...')
#4 D:\xamp\htdocs\2021\cursos\ci4\omecms\ome\vendor\codeigniter4\framework\system\View\View.php(232): CodeIgniter\View\View->CodeIgniter\View\{closure}()
#5 D:\xamp\htdocs\2021\cursos\ci4\omecms\ome\vendor\codeigniter4\framework\system\View\View.php(246): CodeIgniter\View\View->render('templates/templ...', Array, true)
#6 D:\xamp\htdocs\2021\cursos\ci4\omecms\ome\vendor\codeigniter4\framework\system\Common.php(1250): CodeIgniter\View\View->render('scorm/index', Array, true)
#7 D:\xamp\htdocs\2021\cursos\ci4\omecms\ome\app\Controllers\Scorm.php(16): view('scorm/index', Array)
#8 D:\xamp\htdocs\2021\cursos\ci4\omecms\ome\vendor\codeigniter4\framework\system\CodeIgniter.php(931): App\Controllers\Scorm->index('kids', '4', '1', '3')
#9 D:\xamp\htdocs\2021\cursos\ci4\omecms\ome\vendor\codeigniter4\framework\system\CodeIgniter.php(439): CodeIgniter\CodeIgniter->runController(Object(App\Controllers\Scorm))
#10 D:\xamp\htdocs\2021\cursos\ci4\omecms\ome\vendor\codeigniter4\framework\system\CodeIgniter.php(339): CodeIgniter\CodeIgniter->handleRequest(NULL, Object(Config\Cache), false)
#11 D:\xamp\htdocs\2021\cursos\ci4\omecms\ome\index.php(44): CodeIgniter\CodeIgniter->run()
#12 {main}
CRITICAL - 2021-06-18 21:07:36 --> file_get_contents(): read of 8192 bytes failed with errno=13 Permission denied
#0 [internal function]: CodeIgniter\Debug\Exceptions->errorHandler(8, 'file_get_conten...', 'D:\\xamp\\htdocs\\...', 83, Array)
#1 D:\xamp\htdocs\2021\cursos\ci4\omecms\ome\vendor\codeigniter4\framework\system\Debug\Toolbar\Collectors\History.php(83): file_get_contents('D:\\xamp\\htdocs\\...')
#2 D:\xamp\htdocs\2021\cursos\ci4\omecms\ome\vendor\codeigniter4\framework\system\Debug\Toolbar.php(480): CodeIgniter\Debug\Toolbar\Collectors\History->setFiles(1624068456, 20)
#3 D:\xamp\htdocs\2021\cursos\ci4\omecms\ome\vendor\codeigniter4\framework\system\Debug\Toolbar.php(452): CodeIgniter\Debug\Toolbar->format(Array, 'html')
#4 D:\xamp\htdocs\2021\cursos\ci4\omecms\ome\app\Config\Events.php(52): CodeIgniter\Debug\Toolbar->respond()
#5 [internal function]: CodeIgniter\Events\Events::Config\{closure}()
#6 D:\xamp\htdocs\2021\cursos\ci4\omecms\ome\vendor\codeigniter4\framework\system\Events\Events.php(166): call_user_func(Object(Closure))
#7 D:\xamp\htdocs\2021\cursos\ci4\omecms\ome\vendor\codeigniter4\framework\system\CodeIgniter.php(319): CodeIgniter\Events\Events::trigger('pre_system')
#8 D:\xamp\htdocs\2021\cursos\ci4\omecms\ome\index.php(44): CodeIgniter\CodeIgniter->run()
#9 {main}
